<?xml version="1.0" encoding="UTF-8"?>
<testng-results ignored="0" total="1" passed="1" failed="0" skipped="0">
  <reporter-output>
  </reporter-output>
  <suite started-at="2023-10-04T18:33:46 IST" name="Default suite" finished-at="2023-10-04T18:33:52 IST" duration-ms="6537">
    <groups>
    </groups>
    <test started-at="2023-10-04T18:33:46 IST" name="Default test" finished-at="2023-10-04T18:33:52 IST" duration-ms="6537">
      <class name="com.testingdemo.project1.Testdemomvn">
        <test-method is-config="true" signature="setUp()[pri:0, instance:com.testingdemo.project1.Testdemomvn@5403f35f]" started-at="2023-10-04T18:33:46 IST" name="setUp" finished-at="2023-10-04T18:33:50 IST" duration-ms="3960" status="PASS">
          <reporter-output>
          </reporter-output>
        </test-method> <!-- setUp -->
        <test-method signature="testSelenium()[pri:0, instance:com.testingdemo.project1.Testdemomvn@5403f35f]" started-at="2023-10-04T18:33:50 IST" name="testSelenium" finished-at="2023-10-04T18:33:52 IST" duration-ms="2216" status="PASS">
          <reporter-output>
          </reporter-output>
        </test-method> <!-- testSelenium -->
        <test-method is-config="true" signature="tearDown()[pri:0, instance:com.testingdemo.project1.Testdemomvn@5403f35f]" started-at="2023-10-04T18:33:52 IST" name="tearDown" finished-at="2023-10-04T18:33:52 IST" duration-ms="271" status="PASS">
          <reporter-output>
          </reporter-output>
        </test-method> <!-- tearDown -->
      </class> <!-- com.testingdemo.project1.Testdemomvn -->
    </test> <!-- Default test -->
  </suite> <!-- Default suite -->
</testng-results>
